<?xml version="1.0" encoding="UTF-8"?>
<!-- Generated by org.testng.reporters.JUnitReportReporter -->
<testsuite hostname="Laptop-10226" failures="0" tests="1" name="Script.Portal" time="21.169" errors="0" timestamp="2025-03-07T09:54:26 IST" skipped="0">
  <testcase classname="Script.Portal" name="APortal" time="21.169"/>
</testsuite> <!-- Script.Portal -->
